2017-06-30T10:42:55.8181552-03:00 0HL5VNNKSPB6M [INF] Request starting HTTP/1.1 GET http://localhost:56307/   (e5be5b71)
2017-06-30T10:42:55.9612519-03:00 0HL5VNNKSPB6M [INF] "Bearer" was not authenticated. Failure message: "No token found." (48071232)
2017-06-30T10:42:56.7287642-03:00 0HL5VNNKSPB6M [INF] Request finished in 947.1552ms 404  (15c52c40)
2017-06-30T10:45:45.1083208-03:00 0HL5VNNKSPB6N [INF] Request starting HTTP/1.1 OPTIONS http://localhost:56307/api/nivelacesso/more/?pageSize=10&pageIndex=0&isPaginate=true&queryOptimizerBehavior=&filterBehavior=GetDataItem   (e5be5b71)
2017-06-30T10:45:45.1083208-03:00 0HL5VNNKSPB6O [INF] Request starting HTTP/1.1 OPTIONS http://localhost:56307/api/colaborador/?pageSize=10&pageIndex=1&isPaginate=true&queryOptimizerBehavior=   (e5be5b71)
2017-06-30T10:45:45.1093217-03:00 0HL5VNNKSPB6O [INF] "Bearer" was not authenticated. Failure message: "No token found." (48071232)
2017-06-30T10:45:45.1093217-03:00 0HL5VNNKSPB6N [INF] "Bearer" was not authenticated. Failure message: "No token found." (48071232)
2017-06-30T10:45:45.3094546-03:00 0HL5VNNKSPB6O [INF] Authorization failed for the request at filter '"Microsoft.AspNetCore.Mvc.Cors.CorsAuthorizationFilter"'. (8b6446cb)
2017-06-30T10:45:45.3094546-03:00 0HL5VNNKSPB6N [INF] Authorization failed for the request at filter '"Microsoft.AspNetCore.Mvc.Cors.CorsAuthorizationFilter"'. (8b6446cb)
2017-06-30T10:45:45.3164587-03:00 0HL5VNNKSPB6N [INF] Executing HttpStatusCodeResult, setting HTTP status code 200 (e28ccfae)
2017-06-30T10:45:45.3164587-03:00 0HL5VNNKSPB6O [INF] Executing HttpStatusCodeResult, setting HTTP status code 200 (e28ccfae)
2017-06-30T10:45:45.3234644-03:00 0HL5VNNKSPB6O [INF] Executed action "Calemas.Erp.Api.Controllers.ColaboradorController.Get (Calemas.Erp.Api)" in 49.8039ms (afa2e885)
2017-06-30T10:45:45.3234644-03:00 0HL5VNNKSPB6N [INF] Executed action "Calemas.Erp.Api.Controllers.NivelAcessoMoreController.Get (Calemas.Erp.Api)" in 49.8039ms (afa2e885)
2017-06-30T10:45:45.3254649-03:00 0HL5VNNKSPB6O [INF] Request finished in 216.8189ms 200  (15c52c40)
2017-06-30T10:45:45.3254649-03:00 0HL5VNNKSPB6N [INF] Request finished in 217.7139ms 200  (15c52c40)
2017-06-30T10:45:45.3334711-03:00 0HL5VNNKSPB6P [INF] Request starting HTTP/1.1 GET http://localhost:56307/api/nivelacesso/more/?pageSize=10&pageIndex=0&isPaginate=true&queryOptimizerBehavior=&filterBehavior=GetDataItem   (e5be5b71)
2017-06-30T10:45:45.3334711-03:00 0HL5VNNKSPB6Q [INF] Request starting HTTP/1.1 GET http://localhost:56307/api/colaborador/?pageSize=10&pageIndex=1&isPaginate=true&queryOptimizerBehavior=   (e5be5b71)
2017-06-30T10:45:45.9889089-03:00 0HL5VNNKSPB6P [INF] Successfully validated the token. (60169667)
2017-06-30T10:45:45.9889089-03:00 0HL5VNNKSPB6Q [INF] Successfully validated the token. (60169667)
2017-06-30T10:45:45.9969138-03:00 0HL5VNNKSPB6Q [INF] HttpContext.User merged via AutomaticAuthentication from authenticationScheme: "Bearer". (bdba1d38)
2017-06-30T10:45:45.9969138-03:00 0HL5VNNKSPB6P [INF] HttpContext.User merged via AutomaticAuthentication from authenticationScheme: "Bearer". (bdba1d38)
2017-06-30T10:45:46.0339384-03:00 0HL5VNNKSPB6P [INF] Authorization was successful for user: "Administrador". (d7eb274a)
2017-06-30T10:45:46.0339384-03:00 0HL5VNNKSPB6Q [INF] Authorization was successful for user: "Administrador". (d7eb274a)
2017-06-30T10:45:47.0916475-03:00 0HL5VNNKSPB6P [INF] Executing action method "Calemas.Erp.Api.Controllers.NivelAcessoMoreController.Get (Calemas.Erp.Api)" with arguments (["Calemas.Erp.Domain.Filter.NivelAcessoFilter"]) - ModelState is Valid (ba7f4ac2)
2017-06-30T10:45:47.0916475-03:00 0HL5VNNKSPB6Q [INF] Executing action method "Calemas.Erp.Api.Controllers.ColaboradorController.Get (Calemas.Erp.Api)" with arguments (["Calemas.Erp.Domain.Filter.ColaboradorFilter"]) - ModelState is Valid (ba7f4ac2)
2017-06-30T10:45:47.8591594-03:00 0HL5VNNKSPB6Q [INF] Executed DbCommand (95ms) [Parameters=[], CommandType='Text', CommandTimeout='30']
SELECT COUNT(*)
FROM [Colaborador] AS [_] (6438bdd5)
2017-06-30T10:45:47.8601595-03:00 0HL5VNNKSPB6P [INF] Executed DbCommand (95ms) [Parameters=[], CommandType='Text', CommandTimeout='30']
SELECT [_].[Id], [_].[Nome]
FROM [NivelAcesso] AS [_] (6438bdd5)
2017-06-30T10:45:47.9642286-03:00 0HL5VNNKSPB6P [INF] Executing ObjectResult, writing value "Microsoft.AspNetCore.Mvc.ControllerContext". (4e968210)
2017-06-30T10:45:48.0172643-03:00 0HL5VNNKSPB6Q [INF] Executed DbCommand (6ms) [Parameters=[], CommandType='Text', CommandTimeout='30']
SELECT [_].[Id], [_].[Account], [_].[Ativo], [_].[NivelAcessoId], [_].[Password], [_].[UserAlterDate], [_].[UserAlterId], [_].[UserCreateDate], [_].[UserCreateId], [p].[Id], [p].[Apelido], [p].[CPF_CNPJ], [p].[Celular], [p].[Comercial], [p].[DataNascimento], [p].[Email], [p].[EnderecoId], [p].[EstadoCivilId], [p].[Juridica], [p].[Nome], [p].[RG_IE], [p].[Sexo], [p].[Telefone], [p].[UserAlterDate], [p].[UserAlterId], [p].[UserCreateDate], [p].[UserCreateId]
FROM [Colaborador] AS [_]
INNER JOIN [Pessoa] AS [p] ON [_].[Id] = [p].[Id] (6438bdd5)
2017-06-30T10:45:48.0923150-03:00 0HL5VNNKSPB6P [INF] Executed action "Calemas.Erp.Api.Controllers.NivelAcessoMoreController.Get (Calemas.Erp.Api)" in 2083.9519ms (afa2e885)
2017-06-30T10:45:48.1013200-03:00 0HL5VNNKSPB6P [INF] Request finished in 2767.9983ms 200 application/json; charset=utf-8 (15c52c40)
2017-06-30T10:45:48.1083257-03:00 0HL5VNNKSPB6Q [INF] Executing ObjectResult, writing value "Microsoft.AspNetCore.Mvc.ControllerContext". (4e968210)
2017-06-30T10:45:48.1233352-03:00 0HL5VNNKSPB6Q [INF] Executed action "Calemas.Erp.Api.Controllers.ColaboradorController.Get (Calemas.Erp.Api)" in 2116.5344ms (afa2e885)
2017-06-30T10:45:48.1233352-03:00 0HL5VNNKSPB6Q [INF] Request finished in 2789.4445ms 200 application/json; charset=utf-8 (15c52c40)
2017-06-30T10:46:52.4445562-03:00 0HL5VNNKSPB6R [INF] Request starting HTTP/1.1 OPTIONS http://localhost:56307/api/colaborador/?pageSize=10&pageIndex=1&isPaginate=true&queryOptimizerBehavior=   (e5be5b71)
2017-06-30T10:46:52.4445562-03:00 0HL5VNNKSPB6R [INF] "Bearer" was not authenticated. Failure message: "No token found." (48071232)
2017-06-30T10:46:52.4445562-03:00 0HL5VNNKSPB6S [INF] Request starting HTTP/1.1 OPTIONS http://localhost:56307/api/nivelacesso/more/?pageSize=10&pageIndex=0&isPaginate=true&queryOptimizerBehavior=&filterBehavior=GetDataItem   (e5be5b71)
2017-06-30T10:46:52.4445562-03:00 0HL5VNNKSPB6R [INF] Authorization failed for the request at filter '"Microsoft.AspNetCore.Mvc.Cors.CorsAuthorizationFilter"'. (8b6446cb)
2017-06-30T10:46:52.4445562-03:00 0HL5VNNKSPB6S [INF] "Bearer" was not authenticated. Failure message: "No token found." (48071232)
2017-06-30T10:46:52.4455579-03:00 0HL5VNNKSPB6R [INF] Executing HttpStatusCodeResult, setting HTTP status code 200 (e28ccfae)
2017-06-30T10:46:52.4455579-03:00 0HL5VNNKSPB6R [INF] Executed action "Calemas.Erp.Api.Controllers.ColaboradorController.Get (Calemas.Erp.Api)" in 0.4996ms (afa2e885)
2017-06-30T10:46:52.4455579-03:00 0HL5VNNKSPB6R [INF] Request finished in 2.7037ms 200  (15c52c40)
2017-06-30T10:46:52.4455579-03:00 0HL5VNNKSPB6S [INF] Authorization failed for the request at filter '"Microsoft.AspNetCore.Mvc.Cors.CorsAuthorizationFilter"'. (8b6446cb)
2017-06-30T10:46:52.4465571-03:00 0HL5VNNKSPB6S [INF] Executing HttpStatusCodeResult, setting HTTP status code 200 (e28ccfae)
2017-06-30T10:46:52.4465571-03:00 0HL5VNNKSPB6S [INF] Executed action "Calemas.Erp.Api.Controllers.NivelAcessoMoreController.Get (Calemas.Erp.Api)" in 0.908ms (afa2e885)
2017-06-30T10:46:52.4465571-03:00 0HL5VNNKSPB6S [INF] Request finished in 3.4829ms 200  (15c52c40)
2017-06-30T10:46:52.7907876-03:00 0HL5VNNKSPB6T [INF] Request starting HTTP/1.1 GET http://localhost:56307/api/colaborador/?pageSize=10&pageIndex=1&isPaginate=true&queryOptimizerBehavior=   (e5be5b71)
2017-06-30T10:46:52.7917889-03:00 0HL5VNNKSPB6T [INF] Successfully validated the token. (60169667)
2017-06-30T10:46:52.7917889-03:00 0HL5VNNKSPB6T [INF] HttpContext.User merged via AutomaticAuthentication from authenticationScheme: "Bearer". (bdba1d38)
2017-06-30T10:46:52.7927881-03:00 0HL5VNNKSPB6T [INF] Authorization was successful for user: "Administrador". (d7eb274a)
2017-06-30T10:46:52.7957920-03:00 0HL5VNNKSPB6T [INF] Executing action method "Calemas.Erp.Api.Controllers.ColaboradorController.Get (Calemas.Erp.Api)" with arguments (["Calemas.Erp.Domain.Filter.ColaboradorFilter"]) - ModelState is Valid (ba7f4ac2)
2017-06-30T10:46:52.8007943-03:00 0HL5VNNKSPB6U [INF] Request starting HTTP/1.1 GET http://localhost:56307/api/nivelacesso/more/?pageSize=10&pageIndex=0&isPaginate=true&queryOptimizerBehavior=&filterBehavior=GetDataItem   (e5be5b71)
2017-06-30T10:46:52.8017943-03:00 0HL5VNNKSPB6U [INF] Successfully validated the token. (60169667)
2017-06-30T10:46:52.8017943-03:00 0HL5VNNKSPB6U [INF] HttpContext.User merged via AutomaticAuthentication from authenticationScheme: "Bearer". (bdba1d38)
2017-06-30T10:46:52.8017943-03:00 0HL5VNNKSPB6U [INF] Authorization was successful for user: "Administrador". (d7eb274a)
2017-06-30T10:46:52.8037981-03:00 0HL5VNNKSPB6U [INF] Executing action method "Calemas.Erp.Api.Controllers.NivelAcessoMoreController.Get (Calemas.Erp.Api)" with arguments (["Calemas.Erp.Domain.Filter.NivelAcessoFilter"]) - ModelState is Valid (ba7f4ac2)
2017-06-30T10:46:52.8168046-03:00 0HL5VNNKSPB6U [INF] Executed DbCommand (2ms) [Parameters=[], CommandType='Text', CommandTimeout='30']
SELECT [_].[Id], [_].[Nome]
FROM [NivelAcesso] AS [_] (6438bdd5)
2017-06-30T10:46:52.8168046-03:00 0HL5VNNKSPB6T [INF] Executed DbCommand (6ms) [Parameters=[], CommandType='Text', CommandTimeout='30']
SELECT COUNT(*)
FROM [Colaborador] AS [_] (6438bdd5)
2017-06-30T10:46:52.8168046-03:00 0HL5VNNKSPB6U [INF] Executing ObjectResult, writing value "Microsoft.AspNetCore.Mvc.ControllerContext". (4e968210)
2017-06-30T10:46:52.8168046-03:00 0HL5VNNKSPB6U [INF] Executed action "Calemas.Erp.Api.Controllers.NivelAcessoMoreController.Get (Calemas.Erp.Api)" in 15.1444ms (afa2e885)
2017-06-30T10:46:52.8168046-03:00 0HL5VNNKSPB6U [INF] Request finished in 16.7944ms 200 application/json; charset=utf-8 (15c52c40)
2017-06-30T10:46:52.8258104-03:00 0HL5VNNKSPB6T [INF] Executed DbCommand (8ms) [Parameters=[], CommandType='Text', CommandTimeout='30']
SELECT [_].[Id], [_].[Account], [_].[Ativo], [_].[NivelAcessoId], [_].[Password], [_].[UserAlterDate], [_].[UserAlterId], [_].[UserCreateDate], [_].[UserCreateId], [p].[Id], [p].[Apelido], [p].[CPF_CNPJ], [p].[Celular], [p].[Comercial], [p].[DataNascimento], [p].[Email], [p].[EnderecoId], [p].[EstadoCivilId], [p].[Juridica], [p].[Nome], [p].[RG_IE], [p].[Sexo], [p].[Telefone], [p].[UserAlterDate], [p].[UserAlterId], [p].[UserCreateDate], [p].[UserCreateId]
FROM [Colaborador] AS [_]
INNER JOIN [Pessoa] AS [p] ON [_].[Id] = [p].[Id] (6438bdd5)
2017-06-30T10:46:52.8278134-03:00 0HL5VNNKSPB6T [INF] Executing ObjectResult, writing value "Microsoft.AspNetCore.Mvc.ControllerContext". (4e968210)
2017-06-30T10:46:52.8278134-03:00 0HL5VNNKSPB6T [INF] Executed action "Calemas.Erp.Api.Controllers.ColaboradorController.Get (Calemas.Erp.Api)" in 35.109ms (afa2e885)
2017-06-30T10:46:52.8278134-03:00 0HL5VNNKSPB6T [INF] Request finished in 37.7405ms 200 application/json; charset=utf-8 (15c52c40)
2017-06-30T10:51:53.7035280-03:00 0HL5VNSL6DMVH [INF] Request starting HTTP/1.1 DEBUG http://localhost:56307/  0 (e5be5b71)
2017-06-30T10:51:53.7035280-03:00 0HL5VNSL6DMVG [INF] Request starting HTTP/1.1 GET http://localhost:56307/   (e5be5b71)
2017-06-30T10:51:53.9186708-03:00 0HL5VNSL6DMVG [INF] "Bearer" was not authenticated. Failure message: "No token found." (48071232)
2017-06-30T10:51:53.9336806-03:00 0HL5VNSL6DMVH [INF] Request finished in 308.9806ms 200  (15c52c40)
2017-06-30T10:51:54.3259428-03:00 0HL5VNSL6DMVG [INF] Request finished in 710.0753ms 404  (15c52c40)
2017-06-30T10:52:09.8199414-03:00 0HL5VNSL6DMVI [INF] Request starting HTTP/1.1 OPTIONS http://localhost:56307/api/colaborador   (e5be5b71)
2017-06-30T10:52:09.8264463-03:00 0HL5VNSL6DMVI [INF] "Bearer" was not authenticated. Failure message: "No token found." (48071232)
2017-06-30T10:52:10.0601015-03:00 0HL5VNSL6DMVI [INF] Authorization failed for the request at filter '"Microsoft.AspNetCore.Mvc.Cors.CorsAuthorizationFilter"'. (8b6446cb)
2017-06-30T10:52:10.0706082-03:00 0HL5VNSL6DMVI [INF] Executing HttpStatusCodeResult, setting HTTP status code 200 (e28ccfae)
2017-06-30T10:52:10.0781136-03:00 0HL5VNSL6DMVI [INF] Executed action "Calemas.Erp.Api.Controllers.ColaboradorController.Post (Calemas.Erp.Api)" in 52.4572ms (afa2e885)
2017-06-30T10:52:10.1166398-03:00 0HL5VNSL6DMVJ [INF] Request starting HTTP/1.1 POST http://localhost:56307/api/colaborador application/json;charset=UTF-8 183 (e5be5b71)
2017-06-30T10:52:10.1191416-03:00 0HL5VNSL6DMVI [INF] Request finished in 269.5372ms 200  (15c52c40)
2017-06-30T10:52:10.9757136-03:00 0HL5VNSL6DMVJ [INF] Successfully validated the token. (60169667)
2017-06-30T10:52:11.0237457-03:00 0HL5VNSL6DMVJ [INF] HttpContext.User merged via AutomaticAuthentication from authenticationScheme: "Bearer". (bdba1d38)
2017-06-30T10:52:11.1378220-03:00 0HL5VNSL6DMVJ [INF] Authorization was successful for user: "Administrador". (d7eb274a)
2017-06-30T10:52:12.4256964-03:00 0HL5VNSL6DMVJ [INF] Executing action method "Calemas.Erp.Api.Controllers.ColaboradorController.Post (Calemas.Erp.Api)" with arguments (["Calemas.Erp.Dto.ColaboradorDtoSpecialized"]) - ModelState is Valid (ba7f4ac2)
2017-06-30T10:55:31.3227599-03:00 0HL5VNUM1RGGM [INF] Request starting HTTP/1.1 GET http://localhost:56307/   (e5be5b71)
2017-06-30T10:55:31.3227599-03:00 0HL5VNUM1RGGN [INF] Request starting HTTP/1.1 DEBUG http://localhost:56307/  0 (e5be5b71)
2017-06-30T10:55:31.6639882-03:00 0HL5VNUM1RGGM [INF] "Bearer" was not authenticated. Failure message: "No token found." (48071232)
2017-06-30T10:55:31.6809993-03:00 0HL5VNUM1RGGN [INF] Request finished in 412.8646ms 200  (15c52c40)
2017-06-30T10:55:32.2203596-03:00 0HL5VNUM1RGGM [INF] Request finished in 980.4205ms 404  (15c52c40)
2017-06-30T10:55:37.3142090-03:00 0HL5VNUM1RGGO [INF] Request starting HTTP/1.1 OPTIONS http://localhost:56307/api/colaborador   (e5be5b71)
2017-06-30T10:55:37.3197130-03:00 0HL5VNUM1RGGO [INF] "Bearer" was not authenticated. Failure message: "No token found." (48071232)
2017-06-30T10:55:37.5313543-03:00 0HL5VNUM1RGGO [INF] Authorization failed for the request at filter '"Microsoft.AspNetCore.Mvc.Cors.CorsAuthorizationFilter"'. (8b6446cb)
2017-06-30T10:55:37.5443636-03:00 0HL5VNUM1RGGO [INF] Executing HttpStatusCodeResult, setting HTTP status code 200 (e28ccfae)
2017-06-30T10:55:37.5528686-03:00 0HL5VNUM1RGGO [INF] Executed action "Calemas.Erp.Api.Controllers.ColaboradorController.Post (Calemas.Erp.Api)" in 55.4212ms (afa2e885)
2017-06-30T10:55:37.5643762-03:00 0HL5VNUM1RGGO [INF] Request finished in 249.1819ms 200  (15c52c40)
2017-06-30T10:55:37.5738832-03:00 0HL5VNUM1RGGP [INF] Request starting HTTP/1.1 POST http://localhost:56307/api/colaborador application/json;charset=UTF-8 183 (e5be5b71)
2017-06-30T10:55:38.1577060-03:00 0HL5VNUM1RGGP [INF] Successfully validated the token. (60169667)
2017-06-30T10:55:38.1692144-03:00 0HL5VNUM1RGGP [INF] HttpContext.User merged via AutomaticAuthentication from authenticationScheme: "Bearer". (bdba1d38)
2017-06-30T10:55:38.2097416-03:00 0HL5VNUM1RGGP [INF] Authorization was successful for user: "Administrador". (d7eb274a)
2017-06-30T10:55:39.2139262-03:00 0HL5VNUM1RGGP [INF] Executing action method "Calemas.Erp.Api.Controllers.ColaboradorController.Post (Calemas.Erp.Api)" with arguments (["Calemas.Erp.Dto.ColaboradorDtoSpecialized"]) - ModelState is Valid (ba7f4ac2)
2017-06-30T10:56:12.6571003-03:00 0HL5VNUM1RGGP [INF] Executed DbCommand (108ms) [Parameters=[@__model_ColaboradorId_0='?'], CommandType='Text', CommandTimeout='30']
SELECT TOP(2) [_].[Id], [_].[Account], [_].[Ativo], [_].[NivelAcessoId], [_].[Password], [_].[UserAlterDate], [_].[UserAlterId], [_].[UserCreateDate], [_].[UserCreateId], [p].[Id], [p].[Apelido], [p].[CPF_CNPJ], [p].[Celular], [p].[Comercial], [p].[DataNascimento], [p].[Email], [p].[EnderecoId], [p].[EstadoCivilId], [p].[Juridica], [p].[Nome], [p].[RG_IE], [p].[Sexo], [p].[Telefone], [p].[UserAlterDate], [p].[UserAlterId], [p].[UserCreateDate], [p].[UserCreateId]
FROM [Colaborador] AS [_]
INNER JOIN [Pessoa] AS [p] ON [_].[Id] = [p].[Id]
WHERE [_].[Id] = @__model_ColaboradorId_0 (6438bdd5)
2017-06-30T10:56:13.1681684-03:00 0HL5VNUM1RGGP [INF] Executed DbCommand (47ms) [Parameters=[@p0='?', @p1='?' (Size = 4000), @p2='?', @p3='?', @p4='?' (Size = 4000), @p5='?', @p6='?', @p7='?', @p8='?'], CommandType='Text', CommandTimeout='30']
SET NOCOUNT ON;
INSERT INTO [Colaborador] ([Id], [Account], [Ativo], [NivelAcessoId], [Password], [UserAlterDate], [UserAlterId], [UserCreateDate], [UserCreateId])
VALUES (@p0, @p1, @p2, @p3, @p4, @p5, @p6, @p7, @p8); (6438bdd5)
2017-06-30T10:56:13.3542924-03:00 0HL5VNUM1RGGP [ERR] An exception occurred in the database while saving changes.
 (3b5ca34b)
Microsoft.EntityFrameworkCore.DbUpdateException: An error occurred while updating the entries. See the inner exception for details. ---> System.Data.SqlClient.SqlException: The INSERT statement conflicted with the FOREIGN KEY constraint "FK_Colaborador_Pessoa". The conflict occurred in database "Calemas.Erp", table "dbo.Pessoa", column 'Id'.
The statement has been terminated.
   at System.Data.SqlClient.SqlCommand.<>c.<ExecuteDbDataReaderAsync>b__107_0(Task`1 result)
   at System.Threading.Tasks.ContinuationResultTaskFromResultTask`2.InnerInvoke()
   at System.Threading.Tasks.Task.Execute()
--- End of stack trace from previous location where exception was thrown ---
   at System.Runtime.ExceptionServices.ExceptionDispatchInfo.Throw()
   at System.Runtime.CompilerServices.TaskAwaiter.HandleNonSuccessAndDebuggerNotification(Task task)
   at Microsoft.EntityFrameworkCore.Storage.Internal.RelationalCommand.<ExecuteAsync>d__26.MoveNext()
--- End of stack trace from previous location where exception was thrown ---
   at System.Runtime.ExceptionServices.ExceptionDispatchInfo.Throw()
   at System.Runtime.CompilerServices.TaskAwaiter.HandleNonSuccessAndDebuggerNotification(Task task)
   at Microsoft.EntityFrameworkCore.Update.ReaderModificationCommandBatch.<ExecuteAsync>d__32.MoveNext()
   --- End of inner exception stack trace ---
   at Microsoft.EntityFrameworkCore.Update.ReaderModificationCommandBatch.<ExecuteAsync>d__32.MoveNext()
--- End of stack trace from previous location where exception was thrown ---
   at System.Runtime.ExceptionServices.ExceptionDispatchInfo.Throw()
   at System.Runtime.CompilerServices.TaskAwaiter.HandleNonSuccessAndDebuggerNotification(Task task)
   at Microsoft.EntityFrameworkCore.Update.Internal.BatchExecutor.<ExecuteAsync>d__10.MoveNext()
--- End of stack trace from previous location where exception was thrown ---
   at System.Runtime.ExceptionServices.ExceptionDispatchInfo.Throw()
   at System.Runtime.CompilerServices.TaskAwaiter.HandleNonSuccessAndDebuggerNotification(Task task)
   at Microsoft.EntityFrameworkCore.Storage.Internal.SqlServerExecutionStrategy.<ExecuteAsync>d__6`2.MoveNext()
--- End of stack trace from previous location where exception was thrown ---
   at System.Runtime.ExceptionServices.ExceptionDispatchInfo.Throw()
   at System.Runtime.CompilerServices.TaskAwaiter.HandleNonSuccessAndDebuggerNotification(Task task)
   at Microsoft.EntityFrameworkCore.ChangeTracking.Internal.StateManager.<SaveChangesAsync>d__54.MoveNext()
--- End of stack trace from previous location where exception was thrown ---
   at System.Runtime.ExceptionServices.ExceptionDispatchInfo.Throw()
   at System.Runtime.CompilerServices.TaskAwaiter.HandleNonSuccessAndDebuggerNotification(Task task)
   at Microsoft.EntityFrameworkCore.ChangeTracking.Internal.StateManager.<SaveChangesAsync>d__52.MoveNext()
--- End of stack trace from previous location where exception was thrown ---
   at System.Runtime.ExceptionServices.ExceptionDispatchInfo.Throw()
   at System.Runtime.CompilerServices.TaskAwaiter.HandleNonSuccessAndDebuggerNotification(Task task)
   at Microsoft.EntityFrameworkCore.DbContext.<SaveChangesAsync>d__35.MoveNext()
--- End of stack trace from previous location where exception was thrown ---
   at System.Runtime.ExceptionServices.ExceptionDispatchInfo.Throw()
   at System.Runtime.CompilerServices.TaskAwaiter.HandleNonSuccessAndDebuggerNotification(Task task)
   at System.Runtime.CompilerServices.TaskAwaiter`1.GetResult()
   at Common.Orm.UnitOfWork`1.<CommitAsync>d__5.MoveNext() in C:\Pessoal\calemas-erp\Common\Common.Orm\UnitofWork.cs:line 30
--- End of stack trace from previous location where exception was thrown ---
   at System.Runtime.ExceptionServices.ExceptionDispatchInfo.Throw()
   at System.Runtime.CompilerServices.TaskAwaiter.HandleNonSuccessAndDebuggerNotification(Task task)
   at System.Runtime.CompilerServices.TaskAwaiter`1.GetResult()
   at Common.Domain.Base.ApplicationServiceBase`3.<CommitAsync>d__6.MoveNext() in C:\Pessoal\calemas-erp\Common\Common.Domain\Base\AplicationServiceBase.cs:line 36
--- End of stack trace from previous location where exception was thrown ---
   at System.Runtime.ExceptionServices.ExceptionDispatchInfo.Throw()
   at System.Runtime.CompilerServices.TaskAwaiter.HandleNonSuccessAndDebuggerNotification(Task task)
   at System.Runtime.CompilerServices.TaskAwaiter`1.GetResult()
   at Common.Domain.Base.ApplicationServiceBase`3.<Save>d__13.MoveNext() in C:\Pessoal\calemas-erp\Common\Common.Domain\Base\AplicationServiceBase.cs:line 121
2017-06-30T10:56:13.6910171-03:00 0HL5VNUM1RGGP [FTL] "[Calemas.Erp - Colaborador] - An error occurred while updating the entries. See the inner exception for details. - [{\"Pessoa\":{\"PessoaId\":0,\"CPF_CNPJ\":\"asd\",\"RG_IE\":\"asd\",\"Nome\":\"asda\",\"Apelido\":\"asd\",\"Email\":\"asd\",\"Telefone\":\"asd\",\"Celular\":\"ads\",\"Comercial\":null,\"DataNascimento\":\"2017-06-14T00:00:00\",\"EstadoCivilId\":null,\"Sexo\":null,\"Juridica\":null,\"EnderecoId\":null,\"AttributeBehavior\":null},\"ColaboradorId\":0,\"Account\":\"asd\",\"Password\":\"asd\",\"Ativo\":false,\"NivelAcessoId\":0,\"AttributeBehavior\":null}]" - [1] (4da76d2f)
2017-06-30T10:56:13.7380487-03:00 0HL5VNUM1RGGP [INF] Executing ObjectResult, writing value "Microsoft.AspNetCore.Mvc.ControllerContext". (4e968210)
2017-06-30T10:56:13.8396165-03:00 0HL5VNUM1RGGP [INF] Executed action "Calemas.Erp.Api.Controllers.ColaboradorController.Post (Calemas.Erp.Api)" in 35644.4495ms (afa2e885)
2017-06-30T10:56:13.8661348-03:00 0HL5VNUM1RGGP [INF] Request finished in 36295.179ms 500 application/json; charset=utf-8 (15c52c40)
2017-06-30T10:56:27.6115798-03:00 0HL5VNUM1RGGQ [INF] Request starting HTTP/1.1 OPTIONS http://localhost:56307/api/colaborador   (e5be5b71)
2017-06-30T10:56:27.6190855-03:00 0HL5VNUM1RGGQ [INF] "Bearer" was not authenticated. Failure message: "No token found." (48071232)
2017-06-30T10:56:27.6546092-03:00 0HL5VNUM1RGGQ [INF] Authorization failed for the request at filter '"Microsoft.AspNetCore.Mvc.Cors.CorsAuthorizationFilter"'. (8b6446cb)
2017-06-30T10:56:27.6601124-03:00 0HL5VNUM1RGGQ [INF] Executing HttpStatusCodeResult, setting HTTP status code 200 (e28ccfae)
2017-06-30T10:56:27.6651155-03:00 0HL5VNUM1RGGQ [INF] Executed action "Calemas.Erp.Api.Controllers.ColaboradorController.Post (Calemas.Erp.Api)" in 12.673ms (afa2e885)
2017-06-30T10:56:27.7046422-03:00 0HL5VNUM1RGGR [INF] Request starting HTTP/1.1 POST http://localhost:56307/api/colaborador application/json;charset=UTF-8 189 (e5be5b71)
2017-06-30T10:56:27.7376641-03:00 0HL5VNUM1RGGQ [INF] Request finished in 71.6027ms 200  (15c52c40)
2017-06-30T10:56:27.7406667-03:00 0HL5VNUM1RGGR [INF] Successfully validated the token. (60169667)
2017-06-30T10:56:27.7501730-03:00 0HL5VNUM1RGGR [INF] HttpContext.User merged via AutomaticAuthentication from authenticationScheme: "Bearer". (bdba1d38)
2017-06-30T10:56:27.7761899-03:00 0HL5VNUM1RGGR [INF] Authorization was successful for user: "Administrador". (d7eb274a)
2017-06-30T10:56:27.8132153-03:00 0HL5VNUM1RGGR [INF] Executing action method "Calemas.Erp.Api.Controllers.ColaboradorController.Post (Calemas.Erp.Api)" with arguments ([""]) - ModelState is Invalid (ba7f4ac2)
2017-06-30T10:57:00.4151224-03:00 0HL5VNVGJEQ8J [INF] Request starting HTTP/1.1 GET http://localhost:56307/   (e5be5b71)
2017-06-30T10:57:00.4151224-03:00 0HL5VNVGJEQ8K [INF] Request starting HTTP/1.1 DEBUG http://localhost:56307/  0 (e5be5b71)
2017-06-30T10:57:00.6197601-03:00 0HL5VNVGJEQ8J [INF] "Bearer" was not authenticated. Failure message: "No token found." (48071232)
2017-06-30T10:57:00.6377713-03:00 0HL5VNVGJEQ8K [INF] Request finished in 297.8018ms 200  (15c52c40)
2017-06-30T10:57:01.0065178-03:00 0HL5VNVGJEQ8J [INF] Request finished in 681.7372ms 404  (15c52c40)
2017-06-30T10:57:03.4920916-03:00 0HL5VNVGJEQ8L [INF] Request starting HTTP/1.1 OPTIONS http://localhost:56307/api/colaborador   (e5be5b71)
2017-06-30T10:57:03.5041004-03:00 0HL5VNVGJEQ8L [INF] "Bearer" was not authenticated. Failure message: "No token found." (48071232)
2017-06-30T10:57:03.7031848-03:00 0HL5VNVGJEQ8L [INF] Authorization failed for the request at filter '"Microsoft.AspNetCore.Mvc.Cors.CorsAuthorizationFilter"'. (8b6446cb)
2017-06-30T10:57:03.7141657-03:00 0HL5VNVGJEQ8L [INF] Executing HttpStatusCodeResult, setting HTTP status code 200 (e28ccfae)
2017-06-30T10:57:03.7231723-03:00 0HL5VNVGJEQ8L [INF] Executed action "Calemas.Erp.Api.Controllers.ColaboradorController.Post (Calemas.Erp.Api)" in 46.3127ms (afa2e885)
2017-06-30T10:57:03.7606969-03:00 0HL5VNVGJEQ8M [INF] Request starting HTTP/1.1 POST http://localhost:56307/api/colaborador application/json;charset=UTF-8 189 (e5be5b71)
2017-06-30T10:57:03.7606969-03:00 0HL5VNVGJEQ8L [INF] Request finished in 245.6534ms 200  (15c52c40)
2017-06-30T10:57:04.3185709-03:00 0HL5VNVGJEQ8M [INF] Successfully validated the token. (60169667)
2017-06-30T10:57:04.3295772-03:00 0HL5VNVGJEQ8M [INF] HttpContext.User merged via AutomaticAuthentication from authenticationScheme: "Bearer". (bdba1d38)
2017-06-30T10:57:04.3931220-03:00 0HL5VNVGJEQ8M [INF] Authorization was successful for user: "Administrador". (d7eb274a)
2017-06-30T10:57:05.9121499-03:00 0HL5VNVGJEQ8M [INF] Executing action method "Calemas.Erp.Api.Controllers.ColaboradorController.Post (Calemas.Erp.Api)" with arguments (["Calemas.Erp.Dto.ColaboradorDtoSpecialized"]) - ModelState is Valid (ba7f4ac2)
2017-06-30T10:57:16.0684300-03:00 0HL5VNVGJEQ8M [INF] Executed DbCommand (105ms) [Parameters=[@__model_ColaboradorId_0='?'], CommandType='Text', CommandTimeout='30']
SELECT TOP(2) [_].[Id], [_].[Account], [_].[Ativo], [_].[NivelAcessoId], [_].[Password], [_].[UserAlterDate], [_].[UserAlterId], [_].[UserCreateDate], [_].[UserCreateId], [p].[Id], [p].[Apelido], [p].[CPF_CNPJ], [p].[Celular], [p].[Comercial], [p].[DataNascimento], [p].[Email], [p].[EnderecoId], [p].[EstadoCivilId], [p].[Juridica], [p].[Nome], [p].[RG_IE], [p].[Sexo], [p].[Telefone], [p].[UserAlterDate], [p].[UserAlterId], [p].[UserCreateDate], [p].[UserCreateId]
FROM [Colaborador] AS [_]
INNER JOIN [Pessoa] AS [p] ON [_].[Id] = [p].[Id]
WHERE [_].[Id] = @__model_ColaboradorId_0 (6438bdd5)
2017-06-30T10:57:16.6883437-03:00 0HL5VNVGJEQ8M [INF] Executed DbCommand (21ms) [Parameters=[@p0='?', @p1='?' (Size = 4000), @p2='?', @p3='?', @p4='?' (Size = 4000), @p5='?', @p6='?', @p7='?', @p8='?'], CommandType='Text', CommandTimeout='30']
SET NOCOUNT ON;
INSERT INTO [Colaborador] ([Id], [Account], [Ativo], [NivelAcessoId], [Password], [UserAlterDate], [UserAlterId], [UserCreateDate], [UserCreateId])
VALUES (@p0, @p1, @p2, @p3, @p4, @p5, @p6, @p7, @p8); (6438bdd5)
2017-06-30T10:57:16.7877349-03:00 0HL5VNVGJEQ8M [ERR] An exception occurred in the database while saving changes.
 (3b5ca34b)
Microsoft.EntityFrameworkCore.DbUpdateException: An error occurred while updating the entries. See the inner exception for details. ---> System.Data.SqlClient.SqlException: The INSERT statement conflicted with the FOREIGN KEY constraint "FK_Colaborador_Pessoa". The conflict occurred in database "Calemas.Erp", table "dbo.Pessoa", column 'Id'.
The statement has been terminated.
   at System.Data.SqlClient.SqlCommand.<>c.<ExecuteDbDataReaderAsync>b__107_0(Task`1 result)
   at System.Threading.Tasks.ContinuationResultTaskFromResultTask`2.InnerInvoke()
   at System.Threading.Tasks.Task.Execute()
--- End of stack trace from previous location where exception was thrown ---
   at System.Runtime.ExceptionServices.ExceptionDispatchInfo.Throw()
   at System.Runtime.CompilerServices.TaskAwaiter.HandleNonSuccessAndDebuggerNotification(Task task)
   at Microsoft.EntityFrameworkCore.Storage.Internal.RelationalCommand.<ExecuteAsync>d__26.MoveNext()
--- End of stack trace from previous location where exception was thrown ---
   at System.Runtime.ExceptionServices.ExceptionDispatchInfo.Throw()
   at System.Runtime.CompilerServices.TaskAwaiter.HandleNonSuccessAndDebuggerNotification(Task task)
   at Microsoft.EntityFrameworkCore.Update.ReaderModificationCommandBatch.<ExecuteAsync>d__32.MoveNext()
   --- End of inner exception stack trace ---
   at Microsoft.EntityFrameworkCore.Update.ReaderModificationCommandBatch.<ExecuteAsync>d__32.MoveNext()
--- End of stack trace from previous location where exception was thrown ---
   at System.Runtime.ExceptionServices.ExceptionDispatchInfo.Throw()
   at System.Runtime.CompilerServices.TaskAwaiter.HandleNonSuccessAndDebuggerNotification(Task task)
   at Microsoft.EntityFrameworkCore.Update.Internal.BatchExecutor.<ExecuteAsync>d__10.MoveNext()
--- End of stack trace from previous location where exception was thrown ---
   at System.Runtime.ExceptionServices.ExceptionDispatchInfo.Throw()
   at System.Runtime.CompilerServices.TaskAwaiter.HandleNonSuccessAndDebuggerNotification(Task task)
   at Microsoft.EntityFrameworkCore.Storage.Internal.SqlServerExecutionStrategy.<ExecuteAsync>d__6`2.MoveNext()
--- End of stack trace from previous location where exception was thrown ---
   at System.Runtime.ExceptionServices.ExceptionDispatchInfo.Throw()
   at System.Runtime.CompilerServices.TaskAwaiter.HandleNonSuccessAndDebuggerNotification(Task task)
   at Microsoft.EntityFrameworkCore.ChangeTracking.Internal.StateManager.<SaveChangesAsync>d__54.MoveNext()
--- End of stack trace from previous location where exception was thrown ---
   at System.Runtime.ExceptionServices.ExceptionDispatchInfo.Throw()
   at System.Runtime.CompilerServices.TaskAwaiter.HandleNonSuccessAndDebuggerNotification(Task task)
   at Microsoft.EntityFrameworkCore.ChangeTracking.Internal.StateManager.<SaveChangesAsync>d__52.MoveNext()
--- End of stack trace from previous location where exception was thrown ---
   at System.Runtime.ExceptionServices.ExceptionDispatchInfo.Throw()
   at System.Runtime.CompilerServices.TaskAwaiter.HandleNonSuccessAndDebuggerNotification(Task task)
   at Microsoft.EntityFrameworkCore.DbContext.<SaveChangesAsync>d__35.MoveNext()
--- End of stack trace from previous location where exception was thrown ---
   at System.Runtime.ExceptionServices.ExceptionDispatchInfo.Throw()
   at System.Runtime.CompilerServices.TaskAwaiter.HandleNonSuccessAndDebuggerNotification(Task task)
   at System.Runtime.CompilerServices.TaskAwaiter`1.GetResult()
   at Common.Orm.UnitOfWork`1.<CommitAsync>d__5.MoveNext() in C:\Pessoal\calemas-erp\Common\Common.Orm\UnitofWork.cs:line 30
2017-06-30T10:57:17.1475142-03:00 0HL5VNVGJEQ8M [FTL] "[Calemas.Erp - Colaborador] - An error occurred while updating the entries. See the inner exception for details. - [{\"Pessoa\":{\"PessoaId\":0,\"CPF_CNPJ\":\"asd\",\"RG_IE\":\"asd\",\"Nome\":\"asda\",\"Apelido\":\"asd\",\"Email\":\"asd\",\"Telefone\":\"asd\",\"Celular\":\"ads\",\"Comercial\":null,\"DataNascimento\":\"2017-06-14T10:59:00\",\"EstadoCivilId\":null,\"Sexo\":null,\"Juridica\":null,\"EnderecoId\":null,\"AttributeBehavior\":null},\"ColaboradorId\":0,\"Account\":\"asd\",\"Password\":\"asd\",\"Ativo\":false,\"NivelAcessoId\":0,\"AttributeBehavior\":null}]" - [1] (4da76d2f)
2017-06-30T10:57:17.1915436-03:00 0HL5VNVGJEQ8M [INF] Executing ObjectResult, writing value "Microsoft.AspNetCore.Mvc.ControllerContext". (4e968210)
2017-06-30T10:57:17.2951140-03:00 0HL5VNVGJEQ8M [INF] Executed action "Calemas.Erp.Api.Controllers.ColaboradorController.Post (Calemas.Erp.Api)" in 12918.742ms (afa2e885)
2017-06-30T10:57:17.3611581-03:00 0HL5VNVGJEQ8M [INF] Request finished in 13595.3718ms 500 application/json; charset=utf-8 (15c52c40)
2017-06-30T10:57:21.0853471-03:00 0HL5VNVGJEQ8N [INF] Request starting HTTP/1.1 OPTIONS http://localhost:56307/api/colaborador   (e5be5b71)
2017-06-30T10:57:21.0933537-03:00 0HL5VNVGJEQ8N [INF] "Bearer" was not authenticated. Failure message: "No token found." (48071232)
2017-06-30T10:57:21.1163680-03:00 0HL5VNVGJEQ8N [INF] Authorization failed for the request at filter '"Microsoft.AspNetCore.Mvc.Cors.CorsAuthorizationFilter"'. (8b6446cb)
2017-06-30T10:57:21.1223725-03:00 0HL5VNVGJEQ8N [INF] Executing HttpStatusCodeResult, setting HTTP status code 200 (e28ccfae)
2017-06-30T10:57:21.1263287-03:00 0HL5VNVGJEQ8N [INF] Executed action "Calemas.Erp.Api.Controllers.ColaboradorController.Post (Calemas.Erp.Api)" in 11.829ms (afa2e885)
2017-06-30T10:57:21.1393356-03:00 0HL5VNVGJEQ8N [INF] Request finished in 50.595ms 200  (15c52c40)
2017-06-30T10:57:21.1553455-03:00 0HL5VNVGJEQ8O [INF] Request starting HTTP/1.1 POST http://localhost:56307/api/colaborador application/json;charset=UTF-8 183 (e5be5b71)
2017-06-30T10:57:21.1708561-03:00 0HL5VNVGJEQ8O [INF] Successfully validated the token. (60169667)
2017-06-30T10:57:21.1798620-03:00 0HL5VNVGJEQ8O [INF] HttpContext.User merged via AutomaticAuthentication from authenticationScheme: "Bearer". (bdba1d38)
2017-06-30T10:57:21.2103821-03:00 0HL5VNVGJEQ8O [INF] Authorization was successful for user: "Administrador". (d7eb274a)
2017-06-30T10:57:21.2634177-03:00 0HL5VNVGJEQ8O [INF] Executing action method "Calemas.Erp.Api.Controllers.ColaboradorController.Post (Calemas.Erp.Api)" with arguments ([""]) - ModelState is Invalid (ba7f4ac2)
2017-06-30T10:59:37.3209712-03:00 0HL5VO0VBR9FD [INF] Request starting HTTP/1.1 DEBUG http://localhost:56307/  0 (e5be5b71)
2017-06-30T10:59:37.3209712-03:00 0HL5VO0VBR9FE [INF] Request starting HTTP/1.1 GET http://localhost:56307/   (e5be5b71)
2017-06-30T10:59:37.5941524-03:00 0HL5VO0VBR9FE [INF] "Bearer" was not authenticated. Failure message: "No token found." (48071232)
2017-06-30T10:59:37.6086626-03:00 0HL5VO0VBR9FD [INF] Request finished in 352.7046ms 200  (15c52c40)
2017-06-30T10:59:37.9894167-03:00 0HL5VO0VBR9FE [INF] Request finished in 749.3487ms 404  (15c52c40)
2017-06-30T10:59:55.0979422-03:00 0HL5VO0VBR9FF [INF] Request starting HTTP/1.1 OPTIONS http://localhost:56307/api/nivelacesso/more/?pageSize=10&pageIndex=0&isPaginate=true&queryOptimizerBehavior=&filterBehavior=GetDataItem   (e5be5b71)
2017-06-30T10:59:55.1079485-03:00 0HL5VO0VBR9FF [INF] "Bearer" was not authenticated. Failure message: "No token found." (48071232)
2017-06-30T10:59:55.1174564-03:00 0HL5VO0VBR9FG [INF] Request starting HTTP/1.1 OPTIONS http://localhost:56307/api/colaborador/?pageSize=10&pageIndex=1&isPaginate=true&queryOptimizerBehavior=   (e5be5b71)
2017-06-30T10:59:55.1254601-03:00 0HL5VO0VBR9FG [INF] "Bearer" was not authenticated. Failure message: "No token found." (48071232)
2017-06-30T10:59:55.7108519-03:00 0HL5VO0VBR9FF [INF] Authorization failed for the request at filter '"Microsoft.AspNetCore.Mvc.Cors.CorsAuthorizationFilter"'. (8b6446cb)
2017-06-30T10:59:55.7258617-03:00 0HL5VO0VBR9FG [INF] Authorization failed for the request at filter '"Microsoft.AspNetCore.Mvc.Cors.CorsAuthorizationFilter"'. (8b6446cb)
2017-06-30T10:59:55.7433733-03:00 0HL5VO0VBR9FG [INF] Executing HttpStatusCodeResult, setting HTTP status code 200 (e28ccfae)
2017-06-30T10:59:55.7563822-03:00 0HL5VO0VBR9FF [INF] Executing HttpStatusCodeResult, setting HTTP status code 200 (e28ccfae)
2017-06-30T10:59:55.7889032-03:00 0HL5VO0VBR9FF [INF] Executed action "Calemas.Erp.Api.Controllers.NivelAcessoMoreController.Get (Calemas.Erp.Api)" in 137.8139ms (afa2e885)
2017-06-30T10:59:55.7909046-03:00 0HL5VO0VBR9FG [INF] Executed action "Calemas.Erp.Api.Controllers.ColaboradorController.Get (Calemas.Erp.Api)" in 146.1969ms (afa2e885)
2017-06-30T10:59:55.8349348-03:00 0HL5VO0VBR9FG [INF] Request finished in 749.5643ms 200  (15c52c40)
2017-06-30T10:59:55.8594509-03:00 0HL5VO0VBR9FF [INF] Request finished in 753.5193ms 200  (15c52c40)
2017-06-30T10:59:55.8719585-03:00 0HL5VO0VBR9FH [INF] Request starting HTTP/1.1 GET http://localhost:56307/api/nivelacesso/more/?pageSize=10&pageIndex=0&isPaginate=true&queryOptimizerBehavior=&filterBehavior=GetDataItem   (e5be5b71)
2017-06-30T10:59:55.8784630-03:00 0HL5VO0VBR9FI [INF] Request starting HTTP/1.1 GET http://localhost:56307/api/colaborador/?pageSize=10&pageIndex=1&isPaginate=true&queryOptimizerBehavior=   (e5be5b71)
2017-06-30T10:59:56.7290318-03:00 0HL5VO0VBR9FH [INF] Successfully validated the token. (60169667)
2017-06-30T10:59:56.7330345-03:00 0HL5VO0VBR9FI [INF] Successfully validated the token. (60169667)
2017-06-30T10:59:56.8120867-03:00 0HL5VO0VBR9FI [INF] HttpContext.User merged via AutomaticAuthentication from authenticationScheme: "Bearer". (bdba1d38)
2017-06-30T10:59:56.8135885-03:00 0HL5VO0VBR9FH [INF] HttpContext.User merged via AutomaticAuthentication from authenticationScheme: "Bearer". (bdba1d38)
2017-06-30T10:59:57.0009674-03:00 0HL5VO0VBR9FH [INF] Authorization was successful for user: "Administrador". (d7eb274a)
2017-06-30T10:59:57.0019683-03:00 0HL5VO0VBR9FI [INF] Authorization was successful for user: "Administrador". (d7eb274a)
2017-06-30T10:59:58.3796698-03:00 0HL5VO0VBR9FI [INF] Executing action method "Calemas.Erp.Api.Controllers.ColaboradorController.Get (Calemas.Erp.Api)" with arguments (["Calemas.Erp.Domain.Filter.ColaboradorFilter"]) - ModelState is Valid (ba7f4ac2)
2017-06-30T10:59:58.3796698-03:00 0HL5VO0VBR9FH [INF] Executing action method "Calemas.Erp.Api.Controllers.NivelAcessoMoreController.Get (Calemas.Erp.Api)" with arguments (["Calemas.Erp.Domain.Filter.NivelAcessoFilter"]) - ModelState is Valid (ba7f4ac2)
2017-06-30T10:59:59.5331122-03:00 0HL5VO0VBR9FI [INF] Executed DbCommand (74ms) [Parameters=[], CommandType='Text', CommandTimeout='30']
SELECT COUNT(*)
FROM [Colaborador] AS [_] (6438bdd5)
2017-06-30T10:59:59.5331122-03:00 0HL5VO0VBR9FH [INF] Executed DbCommand (74ms) [Parameters=[], CommandType='Text', CommandTimeout='30']
SELECT [_].[Id], [_].[Nome]
FROM [NivelAcesso] AS [_] (6438bdd5)
2017-06-30T10:59:59.7282424-03:00 0HL5VO0VBR9FH [INF] Executing ObjectResult, writing value "Microsoft.AspNetCore.Mvc.ControllerContext". (4e968210)
2017-06-30T10:59:59.7912843-03:00 0HL5VO0VBR9FI [INF] Executed DbCommand (9ms) [Parameters=[], CommandType='Text', CommandTimeout='30']
SELECT [_].[Id], [_].[Account], [_].[Ativo], [_].[NivelAcessoId], [_].[Password], [_].[UserAlterDate], [_].[UserAlterId], [_].[UserCreateDate], [_].[UserCreateId], [p].[Id], [p].[Apelido], [p].[CPF_CNPJ], [p].[Celular], [p].[Comercial], [p].[DataNascimento], [p].[Email], [p].[EnderecoId], [p].[EstadoCivilId], [p].[Juridica], [p].[Nome], [p].[RG_IE], [p].[Sexo], [p].[Telefone], [p].[UserAlterDate], [p].[UserAlterId], [p].[UserCreateDate], [p].[UserCreateId]
FROM [Colaborador] AS [_]
INNER JOIN [Pessoa] AS [p] ON [_].[Id] = [p].[Id] (6438bdd5)
2017-06-30T10:59:59.8583293-03:00 0HL5VO0VBR9FH [INF] Executed action "Calemas.Erp.Api.Controllers.NivelAcessoMoreController.Get (Calemas.Erp.Api)" in 2960.3094ms (afa2e885)
2017-06-30T10:59:59.8743396-03:00 0HL5VO0VBR9FI [INF] Executing ObjectResult, writing value "Microsoft.AspNetCore.Mvc.ControllerContext". (4e968210)
2017-06-30T10:59:59.8788423-03:00 0HL5VO0VBR9FH [INF] Request finished in 4005.4132ms 200 application/json; charset=utf-8 (15c52c40)
2017-06-30T10:59:59.8968556-03:00 0HL5VO0VBR9FI [INF] Executed action "Calemas.Erp.Api.Controllers.ColaboradorController.Get (Calemas.Erp.Api)" in 2987.9837ms (afa2e885)
2017-06-30T10:59:59.9083624-03:00 0HL5VO0VBR9FI [INF] Request finished in 4039.9216ms 200 application/json; charset=utf-8 (15c52c40)
2017-06-30T11:00:05.8963983-03:00 0HL5VO0VBR9FJ [INF] Request starting HTTP/1.1 OPTIONS http://localhost:56307/api/colaborador   (e5be5b71)
2017-06-30T11:00:05.9024023-03:00 0HL5VO0VBR9FJ [INF] "Bearer" was not authenticated. Failure message: "No token found." (48071232)
2017-06-30T11:00:05.9213811-03:00 0HL5VO0VBR9FJ [INF] Authorization failed for the request at filter '"Microsoft.AspNetCore.Mvc.Cors.CorsAuthorizationFilter"'. (8b6446cb)
2017-06-30T11:00:05.9253842-03:00 0HL5VO0VBR9FJ [INF] Executing HttpStatusCodeResult, setting HTTP status code 200 (e28ccfae)
2017-06-30T11:00:05.9288877-03:00 0HL5VO0VBR9FJ [INF] Executed action "Calemas.Erp.Api.Controllers.ColaboradorController.Post (Calemas.Erp.Api)" in 9.2874ms (afa2e885)
2017-06-30T11:00:06.0048909-03:00 0HL5VO0VBR9FJ [INF] Request finished in 42.2801ms 200  (15c52c40)
2017-06-30T11:00:06.0053913-03:00 0HL5VO0VBR9FK [INF] Request starting HTTP/1.1 POST http://localhost:56307/api/colaborador application/json;charset=UTF-8 182 (e5be5b71)
2017-06-30T11:00:06.0128962-03:00 0HL5VO0VBR9FK [INF] Successfully validated the token. (60169667)
2017-06-30T11:00:06.0179002-03:00 0HL5VO0VBR9FK [INF] HttpContext.User merged via AutomaticAuthentication from authenticationScheme: "Bearer". (bdba1d38)
2017-06-30T11:00:06.0374131-03:00 0HL5VO0VBR9FK [INF] Authorization was successful for user: "Administrador". (d7eb274a)
2017-06-30T11:00:06.1700022-03:00 0HL5VO0VBR9FK [INF] Executing action method "Calemas.Erp.Api.Controllers.ColaboradorController.Post (Calemas.Erp.Api)" with arguments ([""]) - ModelState is Invalid (ba7f4ac2)
2017-06-30T11:08:04.3026246-03:00 0HL5VO5MEQ8RL [INF] Request starting HTTP/1.1 DEBUG http://localhost:56307/  0 (e5be5b71)
2017-06-30T11:08:04.3026246-03:00 0HL5VO5MEQ8RK [INF] Request starting HTTP/1.1 GET http://localhost:56307/   (e5be5b71)
2017-06-30T11:08:04.5542935-03:00 0HL5VO5MEQ8RK [INF] "Bearer" was not authenticated. Failure message: "No token found." (48071232)
2017-06-30T11:08:04.5723047-03:00 0HL5VO5MEQ8RL [INF] Request finished in 356.0455ms 200  (15c52c40)
2017-06-30T11:08:05.2527595-03:00 0HL5VO5MEQ8RK [INF] Request finished in 961.9421ms 404  (15c52c40)
2017-06-30T11:08:12.1100299-03:00 0HL5VO5MEQ8RM [INF] Request starting HTTP/1.1 OPTIONS http://localhost:56307/api/colaborador   (e5be5b71)
2017-06-30T11:08:12.1160339-03:00 0HL5VO5MEQ8RM [INF] "Bearer" was not authenticated. Failure message: "No token found." (48071232)
2017-06-30T11:08:12.2944633-03:00 0HL5VO5MEQ8RM [INF] Authorization failed for the request at filter '"Microsoft.AspNetCore.Mvc.Cors.CorsAuthorizationFilter"'. (8b6446cb)
2017-06-30T11:08:12.3054717-03:00 0HL5VO5MEQ8RM [INF] Executing HttpStatusCodeResult, setting HTTP status code 200 (e28ccfae)
2017-06-30T11:08:12.3144775-03:00 0HL5VO5MEQ8RM [INF] Executed action "Calemas.Erp.Api.Controllers.ColaboradorController.Post (Calemas.Erp.Api)" in 46.3895ms (afa2e885)
2017-06-30T11:08:12.3244833-03:00 0HL5VO5MEQ8RM [INF] Request finished in 214.1521ms 200  (15c52c40)
2017-06-30T11:08:12.3505007-03:00 0HL5VO5MEQ8RN [INF] Request starting HTTP/1.1 POST http://localhost:56307/api/colaborador application/json;charset=UTF-8 182 (e5be5b71)
2017-06-30T11:08:13.1540375-03:00 0HL5VO5MEQ8RN [INF] Successfully validated the token. (60169667)
2017-06-30T11:08:13.1695482-03:00 0HL5VO5MEQ8RN [INF] HttpContext.User merged via AutomaticAuthentication from authenticationScheme: "Bearer". (bdba1d38)
2017-06-30T11:08:13.2215834-03:00 0HL5VO5MEQ8RN [INF] Authorization was successful for user: "Administrador". (d7eb274a)
2017-06-30T11:08:14.4929389-03:00 0HL5VO5MEQ8RN [INF] Executing action method "Calemas.Erp.Api.Controllers.ColaboradorController.Post (Calemas.Erp.Api)" with arguments ([""]) - ModelState is Invalid (ba7f4ac2)
2017-06-30T11:08:18.4604597-03:00 0HL5VO5MEQ8RN [FTL] "Value cannot be null.
Parameter name: source" - [1] (4da76d2f)
2017-06-30T11:08:18.4964838-03:00 0HL5VO5MEQ8RN [INF] Executing ObjectResult, writing value "Microsoft.AspNetCore.Mvc.ControllerContext". (4e968210)
2017-06-30T11:08:18.5850427-03:00 0HL5VO5MEQ8RN [INF] Executed action "Calemas.Erp.Api.Controllers.ColaboradorController.Post (Calemas.Erp.Api)" in 5390.1306ms (afa2e885)
2017-06-30T11:08:18.5965507-03:00 0HL5VO5MEQ8RN [INF] Request finished in 6267.6081ms 500 application/json; charset=utf-8 (15c52c40)
2017-06-30T11:08:27.6566397-03:00 0HL5VO5MEQ8RO [INF] Request starting HTTP/1.1 OPTIONS http://localhost:56307/api/colaborador   (e5be5b71)
2017-06-30T11:08:27.6606432-03:00 0HL5VO5MEQ8RO [INF] "Bearer" was not authenticated. Failure message: "No token found." (48071232)
2017-06-30T11:08:27.6791552-03:00 0HL5VO5MEQ8RO [INF] Authorization failed for the request at filter '"Microsoft.AspNetCore.Mvc.Cors.CorsAuthorizationFilter"'. (8b6446cb)
2017-06-30T11:08:27.6856589-03:00 0HL5VO5MEQ8RO [INF] Executing HttpStatusCodeResult, setting HTTP status code 200 (e28ccfae)
2017-06-30T11:08:27.6896632-03:00 0HL5VO5MEQ8RO [INF] Executed action "Calemas.Erp.Api.Controllers.ColaboradorController.Post (Calemas.Erp.Api)" in 10.8113ms (afa2e885)
2017-06-30T11:08:27.7241650-03:00 0HL5VO5MEQ8RO [INF] Request finished in 42.6024ms 200  (15c52c40)
2017-06-30T11:08:27.7251655-03:00 0HL5VO5MEQ8RP [INF] Request starting HTTP/1.1 POST http://localhost:56307/api/colaborador application/json;charset=UTF-8 188 (e5be5b71)
2017-06-30T11:08:27.7341717-03:00 0HL5VO5MEQ8RP [INF] Successfully validated the token. (60169667)
2017-06-30T11:08:27.7391748-03:00 0HL5VO5MEQ8RP [INF] HttpContext.User merged via AutomaticAuthentication from authenticationScheme: "Bearer". (bdba1d38)
2017-06-30T11:08:27.7576869-03:00 0HL5VO5MEQ8RP [INF] Authorization was successful for user: "Administrador". (d7eb274a)
2017-06-30T11:08:27.7832071-03:00 0HL5VO5MEQ8RP [INF] Executing action method "Calemas.Erp.Api.Controllers.ColaboradorController.Post (Calemas.Erp.Api)" with arguments ([""]) - ModelState is Invalid (ba7f4ac2)
2017-06-30T11:08:32.0972545-03:00 0HL5VO5MEQ8RP [FTL] "Value cannot be null.
Parameter name: source" - [1] (4da76d2f)
2017-06-30T11:08:32.1088414-03:00 0HL5VO5MEQ8RP [INF] Executing ObjectResult, writing value "Microsoft.AspNetCore.Mvc.ControllerContext". (4e968210)
2017-06-30T11:08:32.1163471-03:00 0HL5VO5MEQ8RP [INF] Executed action "Calemas.Erp.Api.Controllers.ColaboradorController.Post (Calemas.Erp.Api)" in 4357.0037ms (afa2e885)
2017-06-30T11:08:32.1263538-03:00 0HL5VO5MEQ8RP [INF] Request finished in 4422.7108ms 500 application/json; charset=utf-8 (15c52c40)
2017-06-30T11:11:26.4003646-03:00 0HL5VO7IM5OFK [INF] Request starting HTTP/1.1 DEBUG http://localhost:56307/  0 (e5be5b71)
2017-06-30T11:11:26.4003646-03:00 0HL5VO7IM5OFL [INF] Request starting HTTP/1.1 GET http://localhost:56307/   (e5be5b71)
2017-06-30T11:11:26.6965630-03:00 0HL5VO7IM5OFL [INF] "Bearer" was not authenticated. Failure message: "No token found." (48071232)
2017-06-30T11:11:26.7130737-03:00 0HL5VO7IM5OFK [INF] Request finished in 409.536ms 200  (15c52c40)
2017-06-30T11:11:27.1828872-03:00 0HL5VO7IM5OFL [INF] Request finished in 862.0591ms 404  (15c52c40)
2017-06-30T11:11:30.0524000-03:00 0HL5VO7IM5OFM [INF] Request starting HTTP/1.1 OPTIONS http://localhost:56307/api/colaborador   (e5be5b71)
2017-06-30T11:11:30.0584031-03:00 0HL5VO7IM5OFM [INF] "Bearer" was not authenticated. Failure message: "No token found." (48071232)
2017-06-30T11:11:30.2405253-03:00 0HL5VO7IM5OFM [INF] Authorization failed for the request at filter '"Microsoft.AspNetCore.Mvc.Cors.CorsAuthorizationFilter"'. (8b6446cb)
2017-06-30T11:11:30.2562983-03:00 0HL5VO7IM5OFM [INF] Executing HttpStatusCodeResult, setting HTTP status code 200 (e28ccfae)
2017-06-30T11:11:30.2673058-03:00 0HL5VO7IM5OFM [INF] Executed action "Calemas.Erp.Api.Controllers.ColaboradorController.Post (Calemas.Erp.Api)" in 57.3293ms (afa2e885)
2017-06-30T11:11:30.2788138-03:00 0HL5VO7IM5OFM [INF] Request finished in 232.0036ms 200  (15c52c40)
2017-06-30T11:11:30.2863187-03:00 0HL5VO7IM5OFN [INF] Request starting HTTP/1.1 POST http://localhost:56307/api/colaborador application/json;charset=UTF-8 188 (e5be5b71)
2017-06-30T11:11:31.0213096-03:00 0HL5VO7IM5OFN [INF] Successfully validated the token. (60169667)
2017-06-30T11:11:31.0423239-03:00 0HL5VO7IM5OFN [INF] HttpContext.User merged via AutomaticAuthentication from authenticationScheme: "Bearer". (bdba1d38)
2017-06-30T11:11:31.1068667-03:00 0HL5VO7IM5OFN [INF] Authorization was successful for user: "Administrador". (d7eb274a)
2017-06-30T11:11:32.4712789-03:00 0HL5VO7IM5OFN [INF] Executing action method "Calemas.Erp.Api.Controllers.ColaboradorController.Post (Calemas.Erp.Api)" with arguments ([""]) - ModelState is Invalid (ba7f4ac2)
2017-06-30T11:11:39.4031800-03:00 0HL5VO7IM5OFO [INF] Request starting HTTP/1.1 OPTIONS http://localhost:56307/api/colaborador/?pageSize=10&pageIndex=1&isPaginate=true&queryOptimizerBehavior=   (e5be5b71)
2017-06-30T11:11:39.4171894-03:00 0HL5VO7IM5OFO [INF] "Bearer" was not authenticated. Failure message: "No token found." (48071232)
2017-06-30T11:11:42.2185545-03:00 0HL5VO7IM5OFP [INF] Request starting HTTP/1.1 OPTIONS http://localhost:56307/api/nivelacesso/more/?pageSize=10&pageIndex=0&isPaginate=true&queryOptimizerBehavior=&filterBehavior=GetDataItem   (e5be5b71)
2017-06-30T11:11:42.2891013-03:00 0HL5VO7IM5OFP [INF] "Bearer" was not authenticated. Failure message: "No token found." (48071232)
2017-06-30T11:11:42.4046789-03:00 0HL5VO7IM5OFN [FTL] "Value cannot be null.
Parameter name: source" - [1] (4da76d2f)
2017-06-30T11:11:42.4331976-03:00 0HL5VO7IM5OFP [INF] Authorization failed for the request at filter '"Microsoft.AspNetCore.Mvc.Cors.CorsAuthorizationFilter"'. (8b6446cb)
2017-06-30T11:11:42.4422039-03:00 0HL5VO7IM5OFP [INF] Executing HttpStatusCodeResult, setting HTTP status code 200 (e28ccfae)
2017-06-30T11:11:42.4712239-03:00 0HL5VO7IM5OFO [INF] Authorization failed for the request at filter '"Microsoft.AspNetCore.Mvc.Cors.CorsAuthorizationFilter"'. (8b6446cb)
2017-06-30T11:11:42.4747253-03:00 0HL5VO7IM5OFP [INF] Executed action "Calemas.Erp.Api.Controllers.NivelAcessoMoreController.Get (Calemas.Erp.Api)" in 34.5461ms (afa2e885)
2017-06-30T11:11:42.4842319-03:00 0HL5VO7IM5OFO [INF] Executing HttpStatusCodeResult, setting HTTP status code 200 (e28ccfae)
2017-06-30T11:11:42.5157525-03:00 0HL5VO7IM5OFO [INF] Executed action "Calemas.Erp.Api.Controllers.ColaboradorController.Get (Calemas.Erp.Api)" in 46.1313ms (afa2e885)
2017-06-30T11:11:42.5172542-03:00 0HL5VO7IM5OFP [INF] Request finished in 276.7974ms 200  (15c52c40)
2017-06-30T11:11:42.5707899-03:00 0HL5VO7IM5OFO [INF] Request finished in 3133.2106ms 200  (15c52c40)
2017-06-30T11:11:42.5837992-03:00 0HL5VO7IM5OFQ [INF] Request starting HTTP/1.1 GET http://localhost:56307/api/colaborador/?pageSize=10&pageIndex=1&isPaginate=true&queryOptimizerBehavior=   (e5be5b71)
2017-06-30T11:11:42.5928046-03:00 0HL5VO7IM5OFR [INF] Request starting HTTP/1.1 GET http://localhost:56307/api/nivelacesso/more/?pageSize=10&pageIndex=0&isPaginate=true&queryOptimizerBehavior=&filterBehavior=GetDataItem   (e5be5b71)
2017-06-30T11:11:42.6188216-03:00 0HL5VO7IM5OFQ [INF] Successfully validated the token. (60169667)
2017-06-30T11:11:42.6228243-03:00 0HL5VO7IM5OFR [INF] Successfully validated the token. (60169667)
2017-06-30T11:11:42.6488421-03:00 0HL5VO7IM5OFQ [INF] HttpContext.User merged via AutomaticAuthentication from authenticationScheme: "Bearer". (bdba1d38)
2017-06-30T11:11:42.6553465-03:00 0HL5VO7IM5OFR [INF] HttpContext.User merged via AutomaticAuthentication from authenticationScheme: "Bearer". (bdba1d38)
2017-06-30T11:11:42.7223911-03:00 0HL5VO7IM5OFQ [INF] Authorization was successful for user: "Administrador". (d7eb274a)
2017-06-30T11:11:42.7794294-03:00 0HL5VO7IM5OFN [INF] Executing ObjectResult, writing value "Microsoft.AspNetCore.Mvc.ControllerContext". (4e968210)
2017-06-30T11:11:42.8709905-03:00 0HL5VO7IM5OFR [INF] Authorization was successful for user: "Administrador". (d7eb274a)
2017-06-30T11:11:42.9075150-03:00 0HL5VO7IM5OFR [INF] Executing action method "Calemas.Erp.Api.Controllers.NivelAcessoMoreController.Get (Calemas.Erp.Api)" with arguments (["Calemas.Erp.Domain.Filter.NivelAcessoFilter"]) - ModelState is Valid (ba7f4ac2)
2017-06-30T11:11:42.9440387-03:00 0HL5VO7IM5OFQ [INF] Executing action method "Calemas.Erp.Api.Controllers.ColaboradorController.Get (Calemas.Erp.Api)" with arguments (["Calemas.Erp.Domain.Filter.ColaboradorFilter"]) - ModelState is Valid (ba7f4ac2)
2017-06-30T11:11:42.9595498-03:00 0HL5VO7IM5OFN [INF] Executed action "Calemas.Erp.Api.Controllers.ColaboradorController.Post (Calemas.Erp.Api)" in 11870.5612ms (afa2e885)
2017-06-30T11:11:43.0556140-03:00 0HL5VO7IM5OFN [INF] Request finished in 12710.6772ms 500 application/json; charset=utf-8 (15c52c40)
2017-06-30T11:11:44.1181748-03:00 0HL5VO7IM5OFR [INF] Executed DbCommand (70ms) [Parameters=[], CommandType='Text', CommandTimeout='30']
SELECT [_].[Id], [_].[Nome]
FROM [NivelAcesso] AS [_] (6438bdd5)
2017-06-30T11:11:44.1181748-03:00 0HL5VO7IM5OFQ [INF] Executed DbCommand (70ms) [Parameters=[], CommandType='Text', CommandTimeout='30']
SELECT COUNT(*)
FROM [Colaborador] AS [_] (6438bdd5)
2017-06-30T11:11:44.2101895-03:00 0HL5VO7IM5OFR [INF] Executing ObjectResult, writing value "Microsoft.AspNetCore.Mvc.ControllerContext". (4e968210)
2017-06-30T11:11:44.2571883-03:00 0HL5VO7IM5OFR [INF] Executed action "Calemas.Erp.Api.Controllers.NivelAcessoMoreController.Get (Calemas.Erp.Api)" in 1486.5602ms (afa2e885)
2017-06-30T11:11:44.2757012-03:00 0HL5VO7IM5OFR [INF] Request finished in 1721.5008ms 200 application/json; charset=utf-8 (15c52c40)
2017-06-30T11:11:44.3962811-03:00 0HL5VO7IM5OFQ [INF] Executed DbCommand (8ms) [Parameters=[], CommandType='Text', CommandTimeout='30']
SELECT [_].[Id], [_].[Account], [_].[Ativo], [_].[NivelAcessoId], [_].[Password], [_].[UserAlterDate], [_].[UserAlterId], [_].[UserCreateDate], [_].[UserCreateId], [p].[Id], [p].[Apelido], [p].[CPF_CNPJ], [p].[Celular], [p].[Comercial], [p].[DataNascimento], [p].[Email], [p].[EnderecoId], [p].[EstadoCivilId], [p].[Juridica], [p].[Nome], [p].[RG_IE], [p].[Sexo], [p].[Telefone], [p].[UserAlterDate], [p].[UserAlterId], [p].[UserCreateDate], [p].[UserCreateId]
FROM [Colaborador] AS [_]
INNER JOIN [Pessoa] AS [p] ON [_].[Id] = [p].[Id] (6438bdd5)
2017-06-30T11:11:44.4833390-03:00 0HL5VO7IM5OFQ [INF] Executing ObjectResult, writing value "Microsoft.AspNetCore.Mvc.ControllerContext". (4e968210)
2017-06-30T11:11:44.4943470-03:00 0HL5VO7IM5OFQ [INF] Executed action "Calemas.Erp.Api.Controllers.ColaboradorController.Get (Calemas.Erp.Api)" in 1782.7766ms (afa2e885)
2017-06-30T11:11:44.5058542-03:00 0HL5VO7IM5OFQ [INF] Request finished in 1927.0663ms 200 application/json; charset=utf-8 (15c52c40)
2017-06-30T11:11:58.6225903-03:00 0HL5VO7IM5OFS [INF] Request starting HTTP/1.1 OPTIONS http://localhost:56307/api/colaborador   (e5be5b71)
2017-06-30T11:11:58.6305952-03:00 0HL5VO7IM5OFS [INF] "Bearer" was not authenticated. Failure message: "No token found." (48071232)
2017-06-30T11:11:58.6456789-03:00 0HL5VO7IM5OFS [INF] Authorization failed for the request at filter '"Microsoft.AspNetCore.Mvc.Cors.CorsAuthorizationFilter"'. (8b6446cb)
2017-06-30T11:11:58.6504665-03:00 0HL5VO7IM5OFS [INF] Executing HttpStatusCodeResult, setting HTTP status code 200 (e28ccfae)
2017-06-30T11:11:58.6546092-03:00 0HL5VO7IM5OFS [INF] Executed action "Calemas.Erp.Api.Controllers.ColaboradorController.Post (Calemas.Erp.Api)" in 9.6265ms (afa2e885)
2017-06-30T11:11:58.6676185-03:00 0HL5VO7IM5OFS [INF] Request finished in 42.9189ms 200  (15c52c40)
2017-06-30T11:11:58.6921333-03:00 0HL5VO7IM5OFT [INF] Request starting HTTP/1.1 POST http://localhost:56307/api/colaborador application/json;charset=UTF-8 182 (e5be5b71)
2017-06-30T11:11:58.6996387-03:00 0HL5VO7IM5OFT [INF] Successfully validated the token. (60169667)
2017-06-30T11:11:58.7046418-03:00 0HL5VO7IM5OFT [INF] HttpContext.User merged via AutomaticAuthentication from authenticationScheme: "Bearer". (bdba1d38)
2017-06-30T11:11:58.7211525-03:00 0HL5VO7IM5OFT [INF] Authorization was successful for user: "Administrador". (d7eb274a)
2017-06-30T11:11:58.7336610-03:00 0HL5VO7IM5OFT [INF] Executing action method "Calemas.Erp.Api.Controllers.ColaboradorController.Post (Calemas.Erp.Api)" with arguments ([""]) - ModelState is Invalid (ba7f4ac2)
2017-06-30T11:12:01.1763540-03:00 0HL5VO7IM5OFT [FTL] "Value cannot be null.
Parameter name: source" - [1] (4da76d2f)
2017-06-30T11:12:01.1873615-03:00 0HL5VO7IM5OFT [INF] Executing ObjectResult, writing value "Microsoft.AspNetCore.Mvc.ControllerContext". (4e968210)
2017-06-30T11:12:01.1953673-03:00 0HL5VO7IM5OFT [INF] Executed action "Calemas.Erp.Api.Controllers.ColaboradorController.Post (Calemas.Erp.Api)" in 2470.8324ms (afa2e885)
2017-06-30T11:12:01.2133793-03:00 0HL5VO7IM5OFT [INF] Request finished in 2542.9006ms 500 application/json; charset=utf-8 (15c52c40)
2017-06-30T11:13:22.1391960-03:00 0HL5VO8L5TQV3 [INF] Request starting HTTP/1.1 DEBUG http://localhost:56307/  0 (e5be5b71)
2017-06-30T11:13:22.1391960-03:00 0HL5VO8L5TQV1 [INF] Request starting HTTP/1.1 OPTIONS http://localhost:56307/api/colaborador   (e5be5b71)
2017-06-30T11:13:22.1391960-03:00 0HL5VO8L5TQV2 [INF] Request starting HTTP/1.1 GET http://localhost:56307/   (e5be5b71)
2017-06-30T11:13:22.4824256-03:00 0HL5VO8L5TQV2 [INF] "Bearer" was not authenticated. Failure message: "No token found." (48071232)
2017-06-30T11:13:22.5174484-03:00 0HL5VO8L5TQV1 [INF] "Bearer" was not authenticated. Failure message: "No token found." (48071232)
2017-06-30T11:13:22.5329587-03:00 0HL5VO8L5TQV3 [INF] Request finished in 459.0616ms 200  (15c52c40)
2017-06-30T11:13:23.2884638-03:00 0HL5VO8L5TQV2 [INF] Request finished in 1184.0856ms 404  (15c52c40)
2017-06-30T11:13:23.5811591-03:00 0HL5VO8L5TQV1 [INF] Authorization failed for the request at filter '"Microsoft.AspNetCore.Mvc.Cors.CorsAuthorizationFilter"'. (8b6446cb)
2017-06-30T11:13:23.6041743-03:00 0HL5VO8L5TQV1 [INF] Executing HttpStatusCodeResult, setting HTTP status code 200 (e28ccfae)
2017-06-30T11:13:23.6236880-03:00 0HL5VO8L5TQV1 [INF] Executed action "Calemas.Erp.Api.Controllers.ColaboradorController.Post (Calemas.Erp.Api)" in 102.8133ms (afa2e885)
2017-06-30T11:13:23.6552082-03:00 0HL5VO8L5TQV1 [INF] Request finished in 1636.8933ms 200  (15c52c40)
2017-06-30T11:13:23.6807255-03:00 0HL5VO8L5TQV4 [INF] Request starting HTTP/1.1 POST http://localhost:56307/api/colaborador application/json;charset=UTF-8 182 (e5be5b71)
2017-06-30T11:13:24.5112818-03:00 0HL5VO8L5TQV4 [INF] Successfully validated the token. (60169667)
2017-06-30T11:13:24.5247895-03:00 0HL5VO8L5TQV4 [INF] HttpContext.User merged via AutomaticAuthentication from authenticationScheme: "Bearer". (bdba1d38)
2017-06-30T11:13:24.5683185-03:00 0HL5VO8L5TQV4 [INF] Authorization was successful for user: "Administrador". (d7eb274a)
2017-06-30T11:13:25.9187213-03:00 0HL5VO8L5TQV4 [INF] Executing action method "Calemas.Erp.Api.Controllers.ColaboradorController.Post (Calemas.Erp.Api)" with arguments ([""]) - ModelState is Invalid (ba7f4ac2)
